<?xml version="1.0" encoding="UTF-8"?>
<testng-results ignored="0" total="1" passed="1" failed="0" skipped="0">
  <reporter-output>
  </reporter-output>
  <suite started-at="2019-10-21T05:37:46Z" name="Default suite" finished-at="2019-10-21T05:37:57Z" duration-ms="11402">
    <groups>
    </groups>
    <test started-at="2019-10-21T05:37:46Z" name="Default test" finished-at="2019-10-21T05:37:57Z" duration-ms="11402">
      <class name="selenium4.selenium4">
        <test-method signature="m()[pri:0, instance:selenium4.selenium4@1a0dcaa]" started-at="2019-10-21T05:37:46Z" name="m" finished-at="2019-10-21T05:37:57Z" duration-ms="11362" status="PASS">
          <reporter-output>
          </reporter-output>
        </test-method> <!-- m -->
      </class> <!-- selenium4.selenium4 -->
    </test> <!-- Default test -->
  </suite> <!-- Default suite -->
</testng-results>
